[uWSGI] getting INI configuration from /home/ubuntu/city360Server/uwsgi.ini
*** Starting uWSGI 2.0.12-debian (64bit) on [Thu May  9 22:51:03 2019] ***
compiled with version: 5.4.0 20160609 on 28 September 2018 15:49:44
os: Linux-4.4.0-130-generic #156-Ubuntu SMP Thu Jun 14 08:53:28 UTC 2018
nodename: VM-0-10-ubuntu
machine: x86_64
clock source: unix
pcre jit disabled
detected number of CPU cores: 1
current working directory: /etc
detected binary path: /usr/bin/uwsgi-core
uWSGI running as root, you can use --uid/--gid/--chroot options
*** WARNING: you are running uWSGI as root !!! (use the --uid flag) *** 
chdir() to /home/ubuntu/city360Server
your processes number limit is 7332
your memory page size is 4096 bytes
detected max file descriptor number: 1024
lock engine: pthread robust mutexes
thunder lock: disabled (you can enable it with --thunder-lock)
uwsgi socket 0 bound to TCP address 127.0.0.1:5000 fd 3
Python version: 2.7.12 (default, Nov 12 2018, 14:36:49)  [GCC 5.4.0 20160609]
Python main interpreter initialized at 0x259b750
python threads support enabled
your server socket listen backlog is limited to 100 connections
your mercy for graceful operations on workers is 60 seconds
mapped 496512 bytes (484 KB) for 20 cores
*** Operational MODE: preforking+threaded ***
added /home/ubuntu/city360Server/venv/lib/python2.7/site-packages/ to pythonpath.
WSGI app 0 (mountpoint='') ready in 1 seconds on interpreter 0x259b750 pid: 17099 (default app)
*** uWSGI is running in multiple interpreter mode ***
spawned uWSGI master process (pid: 17099)
spawned uWSGI worker 1 (pid: 17101, cores: 10)
spawned uWSGI worker 2 (pid: 17102, cores: 10)
*** Stats server enabled on 127.0.0.1:9191 fd: 11 ***
Traceback (most recent call last):
  File "/home/ubuntu/city360Server/venv/lib/python2.7/site-packages/flask/app.py", line 2309, in __call__
    return self.wsgi_app(environ, start_response)
  File "/home/ubuntu/city360Server/venv/lib/python2.7/site-packages/flask/app.py", line 2295, in wsgi_app
    response = self.handle_exception(e)
  File "/home/ubuntu/city360Server/venv/lib/python2.7/site-packages/flask/app.py", line 1741, in handle_exception
    reraise(exc_type, exc_value, tb)
  File "/home/ubuntu/city360Server/venv/lib/python2.7/site-packages/flask/app.py", line 2292, in wsgi_app
    response = self.full_dispatch_request()
  File "/home/ubuntu/city360Server/venv/lib/python2.7/site-packages/flask/app.py", line 1816, in full_dispatch_request
    return self.finalize_request(rv)
  File "/home/ubuntu/city360Server/venv/lib/python2.7/site-packages/flask/app.py", line 1831, in finalize_request
    response = self.make_response(rv)
  File "/home/ubuntu/city360Server/venv/lib/python2.7/site-packages/flask/app.py", line 1957, in make_response
    'The view function did not return a valid response. The'
TypeError: The view function did not return a valid response. The function either returned None or ended without a return statement.
SIGINT/SIGQUIT received...killing workers...
worker 1 buried after 1 seconds
worker 2 buried after 1 seconds
goodbye to uWSGI.
[uWSGI] getting INI configuration from /home/ubuntu/city360Server/uwsgi.ini
*** Starting uWSGI 2.0.12-debian (64bit) on [Thu May  9 22:53:17 2019] ***
compiled with version: 5.4.0 20160609 on 28 September 2018 15:49:44
os: Linux-4.4.0-130-generic #156-Ubuntu SMP Thu Jun 14 08:53:28 UTC 2018
nodename: VM-0-10-ubuntu
machine: x86_64
clock source: unix
pcre jit disabled
detected number of CPU cores: 1
current working directory: /etc
detected binary path: /usr/bin/uwsgi-core
uWSGI running as root, you can use --uid/--gid/--chroot options
*** WARNING: you are running uWSGI as root !!! (use the --uid flag) *** 
chdir() to /home/ubuntu/city360Server
your processes number limit is 7332
your memory page size is 4096 bytes
detected max file descriptor number: 1024
lock engine: pthread robust mutexes
thunder lock: disabled (you can enable it with --thunder-lock)
uwsgi socket 0 bound to TCP address 127.0.0.1:5000 fd 3
Python version: 2.7.12 (default, Nov 12 2018, 14:36:49)  [GCC 5.4.0 20160609]
Python main interpreter initialized at 0x22bf750
python threads support enabled
your server socket listen backlog is limited to 100 connections
your mercy for graceful operations on workers is 60 seconds
mapped 496512 bytes (484 KB) for 20 cores
*** Operational MODE: preforking+threaded ***
added /home/ubuntu/city360Server/venv/lib/python2.7/site-packages/ to pythonpath.
WSGI app 0 (mountpoint='') ready in 1 seconds on interpreter 0x22bf750 pid: 17317 (default app)
*** uWSGI is running in multiple interpreter mode ***
spawned uWSGI master process (pid: 17317)
spawned uWSGI worker 1 (pid: 17319, cores: 10)
spawned uWSGI worker 2 (pid: 17320, cores: 10)
*** Stats server enabled on 127.0.0.1:9191 fd: 11 ***
